[0808/215433.027:ERROR:process_info.cc(329)] VirtualQueryEx: Отказано в доступе. (0x5)
[0808/215435.136:ERROR:process_info.cc(556)] ReadMemoryInfo failed
[0808/215435.136:ERROR:scoped_process_suspend.cc(40)] NtResumeProcess: Попытка доступа к процессу, выполняющему процедуру завершения. (0xc000010a)
[0808/215432.418:ERROR:process_info.cc(329)] VirtualQueryEx: Отказано в доступе. (0x5)
[0808/215435.261:ERROR:process_info.cc(556)] ReadMemoryInfo failed
[0808/215435.261:ERROR:scoped_process_suspend.cc(40)] NtResumeProcess: Попытка доступа к процессу, выполняющему процедуру завершения. (0xc000010a)
[0808/215432.996:ERROR:process_reader_win.cc(123)] NtOpenThread: {Отказано в доступе} Процесс запросил доступ к объекту, но права на доступ не предоставлены. (0xc0000022)
[0808/215435.465:ERROR:exception_snapshot_win.cc(98)] thread ID 9672 not found in process
[0808/215435.465:ERROR:scoped_process_suspend.cc(40)] NtResumeProcess: Попытка доступа к процессу, выполняющему процедуру завершения. (0xc000010a)
[0808/215433.761:ERROR:process_reader_win.cc(123)] NtOpenThread: {Отказано в доступе} Процесс запросил доступ к объекту, но права на доступ не предоставлены. (0xc0000022)
[0808/215435.543:ERROR:exception_snapshot_win.cc(98)] thread ID 8360 not found in process
[0808/215435.543:ERROR:scoped_process_suspend.cc(40)] NtResumeProcess: Попытка доступа к процессу, выполняющему процедуру завершения. (0xc000010a)
[0808/215433.168:ERROR:process_reader_win.cc(123)] NtOpenThread: {Отказано в доступе} Процесс запросил доступ к объекту, но права на доступ не предоставлены. (0xc0000022)
[0808/215435.543:ERROR:exception_snapshot_win.cc(98)] thread ID 3216 not found in process
[0808/215435.543:ERROR:scoped_process_suspend.cc(40)] NtResumeProcess: Попытка доступа к процессу, выполняющему процедуру завершения. (0xc000010a)
[0808/215432.293:ERROR:process_reader_win.cc(123)] NtOpenThread: {Отказано в доступе} Процесс запросил доступ к объекту, но права на доступ не предоставлены. (0xc0000022)
[0808/215435.683:ERROR:exception_snapshot_win.cc(98)] thread ID 7160 not found in process
[0808/215433.433:ERROR:process_reader_win.cc(123)] NtOpenThread: {Отказано в доступе} Процесс запросил доступ к объекту, но права на доступ не предоставлены. (0xc0000022)
[0808/215435.683:ERROR:exception_snapshot_win.cc(98)] thread ID 12560 not found in process
[0808/215435.683:ERROR:scoped_process_suspend.cc(40)] NtResumeProcess: Попытка доступа к процессу, выполняющему процедуру завершения. (0xc000010a)
[0808/215435.683:ERROR:scoped_process_suspend.cc(40)] NtResumeProcess: Попытка доступа к процессу, выполняющему процедуру завершения. (0xc000010a)
[0808/215432.418:ERROR:process_info.cc(329)] VirtualQueryEx: Отказано в доступе. (0x5)
[0808/215437.058:ERROR:process_info.cc(556)] ReadMemoryInfo failed
[0808/215437.058:ERROR:scoped_process_suspend.cc(40)] NtResumeProcess: Попытка доступа к процессу, выполняющему процедуру завершения. (0xc000010a)
